
AVRASM ver. 2.1.30  G:\University\Unit 7\TA\Microproccesor\CounterAVR\Debug\List\CounterAVR.asm Mon Nov 28 22:51:14 2022

G:\University\Unit 7\TA\Microproccesor\CounterAVR\Debug\List\CounterAVR.asm(1088): warning: Register r5 already defined by the .DEF directive
G:\University\Unit 7\TA\Microproccesor\CounterAVR\Debug\List\CounterAVR.asm(1089): warning: Register r4 already defined by the .DEF directive
G:\University\Unit 7\TA\Microproccesor\CounterAVR\Debug\List\CounterAVR.asm(1090): warning: Register r7 already defined by the .DEF directive
                 
                 
                 ;CodeVisionAVR C Compiler V3.12 Advanced
                 ;(C) Copyright 1998-2014 Pavel Haiduc, HP InfoTech s.r.l.
                 ;http://www.hpinfotech.com
                 
                 ;Build configuration    : Debug
                 ;Chip type              : ATmega32
                 ;Program type           : Application
                 ;Clock frequency        : 8.000000 MHz
                 ;Memory model           : Small
                 ;Optimize for           : Size
                 ;(s)printf features     : int, width
                 ;(s)scanf features      : int, width
                 ;External RAM size      : 0
                 ;Data Stack size        : 512 byte(s)
                 ;Heap size              : 0 byte(s)
                 ;Promote 'char' to 'int': Yes
                 ;'char' is unsigned     : Yes
                 ;8 bit enums            : Yes
                 ;Global 'const' stored in FLASH: Yes
                 ;Enhanced function parameter passing: Yes
                 ;Enhanced core instructions: On
                 ;Automatic register allocation for global variables: On
                 ;Smart register allocation: On
                 
                 	#define _MODEL_SMALL_
                 
                 	#pragma AVRPART ADMIN PART_NAME ATmega32
                 	#pragma AVRPART MEMORY PROG_FLASH 32768
                 	#pragma AVRPART MEMORY EEPROM 1024
                 	#pragma AVRPART MEMORY INT_SRAM SIZE 2048
                 	#pragma AVRPART MEMORY INT_SRAM START_ADDR 0x60
                 
                 	#define CALL_SUPPORTED 1
                 
                 	.LISTMAC
                 	.EQU UDRE=0x5
                 	.EQU RXC=0x7
                 	.EQU USR=0xB
                 	.EQU UDR=0xC
                 	.EQU SPSR=0xE
                 	.EQU SPDR=0xF
                 	.EQU EERE=0x0
                 	.EQU EEWE=0x1
                 	.EQU EEMWE=0x2
                 	.EQU EECR=0x1C
                 	.EQU EEDR=0x1D
                 	.EQU EEARL=0x1E
                 	.EQU EEARH=0x1F
                 	.EQU WDTCR=0x21
                 	.EQU MCUCR=0x35
                 	.EQU GICR=0x3B
                 	.EQU SPL=0x3D
                 	.EQU SPH=0x3E
                 	.EQU SREG=0x3F
                 
                 	.DEF R0X0=R0
                 	.DEF R0X1=R1
                 	.DEF R0X2=R2
                 	.DEF R0X3=R3
                 	.DEF R0X4=R4
                 	.DEF R0X5=R5
                 	.DEF R0X6=R6
                 	.DEF R0X7=R7
                 	.DEF R0X8=R8
                 	.DEF R0X9=R9
                 	.DEF R0XA=R10
                 	.DEF R0XB=R11
                 	.DEF R0XC=R12
                 	.DEF R0XD=R13
                 	.DEF R0XE=R14
                 	.DEF R0XF=R15
                 	.DEF R0X10=R16
                 	.DEF R0X11=R17
                 	.DEF R0X12=R18
                 	.DEF R0X13=R19
                 	.DEF R0X14=R20
                 	.DEF R0X15=R21
                 	.DEF R0X16=R22
                 	.DEF R0X17=R23
                 	.DEF R0X18=R24
                 	.DEF R0X19=R25
                 	.DEF R0X1A=R26
                 	.DEF R0X1B=R27
                 	.DEF R0X1C=R28
                 	.DEF R0X1D=R29
                 	.DEF R0X1E=R30
                 	.DEF R0X1F=R31
                 
                 	.EQU __SRAM_START=0x0060
                 	.EQU __SRAM_END=0x085F
                 	.EQU __DSTACK_SIZE=0x0200
                 	.EQU __HEAP_SIZE=0x0000
                 	.EQU __CLEAR_SRAM_SIZE=__SRAM_END-__SRAM_START+1
                 
                 	.MACRO __CPD1N
                 	CPI  R30,LOW(@0)
                 	LDI  R26,HIGH(@0)
                 	CPC  R31,R26
                 	LDI  R26,BYTE3(@0)
                 	CPC  R22,R26
                 	LDI  R26,BYTE4(@0)
                 	CPC  R23,R26
                 	.ENDM
                 
                 	.MACRO __CPD2N
                 	CPI  R26,LOW(@0)
                 	LDI  R30,HIGH(@0)
                 	CPC  R27,R30
                 	LDI  R30,BYTE3(@0)
                 	CPC  R24,R30
                 	LDI  R30,BYTE4(@0)
                 	CPC  R25,R30
                 	.ENDM
                 
                 	.MACRO __CPWRR
                 	CP   R@0,R@2
                 	CPC  R@1,R@3
                 	.ENDM
                 
                 	.MACRO __CPWRN
                 	CPI  R@0,LOW(@2)
                 	LDI  R30,HIGH(@2)
                 	CPC  R@1,R30
                 	.ENDM
                 
                 	.MACRO __ADDB1MN
                 	SUBI R30,LOW(-@0-(@1))
                 	.ENDM
                 
                 	.MACRO __ADDB2MN
                 	SUBI R26,LOW(-@0-(@1))
                 	.ENDM
                 
                 	.MACRO __ADDW1MN
                 	SUBI R30,LOW(-@0-(@1))
                 	SBCI R31,HIGH(-@0-(@1))
                 	.ENDM
                 
                 	.MACRO __ADDW2MN
                 	SUBI R26,LOW(-@0-(@1))
                 	SBCI R27,HIGH(-@0-(@1))
                 	.ENDM
                 
                 	.MACRO __ADDW1FN
                 	SUBI R30,LOW(-2*@0-(@1))
                 	SBCI R31,HIGH(-2*@0-(@1))
                 	.ENDM
                 
                 	.MACRO __ADDD1FN
                 	SUBI R30,LOW(-2*@0-(@1))
                 	SBCI R31,HIGH(-2*@0-(@1))
                 	SBCI R22,BYTE3(-2*@0-(@1))
                 	.ENDM
                 
                 	.MACRO __ADDD1N
                 	SUBI R30,LOW(-@0)
                 	SBCI R31,HIGH(-@0)
                 	SBCI R22,BYTE3(-@0)
                 	SBCI R23,BYTE4(-@0)
                 	.ENDM
                 
                 	.MACRO __ADDD2N
                 	SUBI R26,LOW(-@0)
                 	SBCI R27,HIGH(-@0)
                 	SBCI R24,BYTE3(-@0)
                 	SBCI R25,BYTE4(-@0)
                 	.ENDM
                 
                 	.MACRO __SUBD1N
                 	SUBI R30,LOW(@0)
                 	SBCI R31,HIGH(@0)
                 	SBCI R22,BYTE3(@0)
                 	SBCI R23,BYTE4(@0)
                 	.ENDM
                 
                 	.MACRO __SUBD2N
                 	SUBI R26,LOW(@0)
                 	SBCI R27,HIGH(@0)
                 	SBCI R24,BYTE3(@0)
                 	SBCI R25,BYTE4(@0)
                 	.ENDM
                 
                 	.MACRO __ANDBMNN
                 	LDS  R30,@0+(@1)
                 	ANDI R30,LOW(@2)
                 	STS  @0+(@1),R30
                 	.ENDM
                 
                 	.MACRO __ANDWMNN
                 	LDS  R30,@0+(@1)
                 	ANDI R30,LOW(@2)
                 	STS  @0+(@1),R30
                 	LDS  R30,@0+(@1)+1
                 	ANDI R30,HIGH(@2)
                 	STS  @0+(@1)+1,R30
                 	.ENDM
                 
                 	.MACRO __ANDD1N
                 	ANDI R30,LOW(@0)
                 	ANDI R31,HIGH(@0)
                 	ANDI R22,BYTE3(@0)
                 	ANDI R23,BYTE4(@0)
                 	.ENDM
                 
                 	.MACRO __ANDD2N
                 	ANDI R26,LOW(@0)
                 	ANDI R27,HIGH(@0)
                 	ANDI R24,BYTE3(@0)
                 	ANDI R25,BYTE4(@0)
                 	.ENDM
                 
                 	.MACRO __ORBMNN
                 	LDS  R30,@0+(@1)
                 	ORI  R30,LOW(@2)
                 	STS  @0+(@1),R30
                 	.ENDM
                 
                 	.MACRO __ORWMNN
                 	LDS  R30,@0+(@1)
                 	ORI  R30,LOW(@2)
                 	STS  @0+(@1),R30
                 	LDS  R30,@0+(@1)+1
                 	ORI  R30,HIGH(@2)
                 	STS  @0+(@1)+1,R30
                 	.ENDM
                 
                 	.MACRO __ORD1N
                 	ORI  R30,LOW(@0)
                 	ORI  R31,HIGH(@0)
                 	ORI  R22,BYTE3(@0)
                 	ORI  R23,BYTE4(@0)
                 	.ENDM
                 
                 	.MACRO __ORD2N
                 	ORI  R26,LOW(@0)
                 	ORI  R27,HIGH(@0)
                 	ORI  R24,BYTE3(@0)
                 	ORI  R25,BYTE4(@0)
                 	.ENDM
                 
                 	.MACRO __DELAY_USB
                 	LDI  R24,LOW(@0)
                 __DELAY_USB_LOOP:
                 	DEC  R24
                 	BRNE __DELAY_USB_LOOP
                 	.ENDM
                 
                 	.MACRO __DELAY_USW
                 	LDI  R24,LOW(@0)
                 	LDI  R25,HIGH(@0)
                 __DELAY_USW_LOOP:
                 	SBIW R24,1
                 	BRNE __DELAY_USW_LOOP
                 	.ENDM
                 
                 	.MACRO __GETD1S
                 	LDD  R30,Y+@0
                 	LDD  R31,Y+@0+1
                 	LDD  R22,Y+@0+2
                 	LDD  R23,Y+@0+3
                 	.ENDM
                 
                 	.MACRO __GETD2S
                 	LDD  R26,Y+@0
                 	LDD  R27,Y+@0+1
                 	LDD  R24,Y+@0+2
                 	LDD  R25,Y+@0+3
                 	.ENDM
                 
                 	.MACRO __PUTD1S
                 	STD  Y+@0,R30
                 	STD  Y+@0+1,R31
                 	STD  Y+@0+2,R22
                 	STD  Y+@0+3,R23
                 	.ENDM
                 
                 	.MACRO __PUTD2S
                 	STD  Y+@0,R26
                 	STD  Y+@0+1,R27
                 	STD  Y+@0+2,R24
                 	STD  Y+@0+3,R25
                 	.ENDM
                 
                 	.MACRO __PUTDZ2
                 	STD  Z+@0,R26
                 	STD  Z+@0+1,R27
                 	STD  Z+@0+2,R24
                 	STD  Z+@0+3,R25
                 	.ENDM
                 
                 	.MACRO __CLRD1S
                 	STD  Y+@0,R30
                 	STD  Y+@0+1,R30
                 	STD  Y+@0+2,R30
                 	STD  Y+@0+3,R30
                 	.ENDM
                 
                 	.MACRO __POINTB1MN
                 	LDI  R30,LOW(@0+(@1))
                 	.ENDM
                 
                 	.MACRO __POINTW1MN
                 	LDI  R30,LOW(@0+(@1))
                 	LDI  R31,HIGH(@0+(@1))
                 	.ENDM
                 
                 	.MACRO __POINTD1M
                 	LDI  R30,LOW(@0)
                 	LDI  R31,HIGH(@0)
                 	LDI  R22,BYTE3(@0)
                 	LDI  R23,BYTE4(@0)
                 	.ENDM
                 
                 	.MACRO __POINTW1FN
                 	LDI  R30,LOW(2*@0+(@1))
                 	LDI  R31,HIGH(2*@0+(@1))
                 	.ENDM
                 
                 	.MACRO __POINTD1FN
                 	LDI  R30,LOW(2*@0+(@1))
                 	LDI  R31,HIGH(2*@0+(@1))
                 	LDI  R22,BYTE3(2*@0+(@1))
                 	LDI  R23,BYTE4(2*@0+(@1))
                 	.ENDM
                 
                 	.MACRO __POINTB2MN
                 	LDI  R26,LOW(@0+(@1))
                 	.ENDM
                 
                 	.MACRO __POINTW2MN
                 	LDI  R26,LOW(@0+(@1))
                 	LDI  R27,HIGH(@0+(@1))
                 	.ENDM
                 
                 	.MACRO __POINTW2FN
                 	LDI  R26,LOW(2*@0+(@1))
                 	LDI  R27,HIGH(2*@0+(@1))
                 	.ENDM
                 
                 	.MACRO __POINTD2FN
                 	LDI  R26,LOW(2*@0+(@1))
                 	LDI  R27,HIGH(2*@0+(@1))
                 	LDI  R24,BYTE3(2*@0+(@1))
                 	LDI  R25,BYTE4(2*@0+(@1))
                 	.ENDM
                 
                 	.MACRO __POINTBRM
                 	LDI  R@0,LOW(@1)
                 	.ENDM
                 
                 	.MACRO __POINTWRM
                 	LDI  R@0,LOW(@2)
                 	LDI  R@1,HIGH(@2)
                 	.ENDM
                 
                 	.MACRO __POINTBRMN
                 	LDI  R@0,LOW(@1+(@2))
                 	.ENDM
                 
                 	.MACRO __POINTWRMN
                 	LDI  R@0,LOW(@2+(@3))
                 	LDI  R@1,HIGH(@2+(@3))
                 	.ENDM
                 
                 	.MACRO __POINTWRFN
                 	LDI  R@0,LOW(@2*2+(@3))
                 	LDI  R@1,HIGH(@2*2+(@3))
                 	.ENDM
                 
                 	.MACRO __GETD1N
                 	LDI  R30,LOW(@0)
                 	LDI  R31,HIGH(@0)
                 	LDI  R22,BYTE3(@0)
                 	LDI  R23,BYTE4(@0)
                 	.ENDM
                 
                 	.MACRO __GETD2N
                 	LDI  R26,LOW(@0)
                 	LDI  R27,HIGH(@0)
                 	LDI  R24,BYTE3(@0)
                 	LDI  R25,BYTE4(@0)
                 	.ENDM
                 
                 	.MACRO __GETB1MN
                 	LDS  R30,@0+(@1)
                 	.ENDM
                 
                 	.MACRO __GETB1HMN
                 	LDS  R31,@0+(@1)
                 	.ENDM
                 
                 	.MACRO __GETW1MN
                 	LDS  R30,@0+(@1)
                 	LDS  R31,@0+(@1)+1
                 	.ENDM
                 
                 	.MACRO __GETD1MN
                 	LDS  R30,@0+(@1)
                 	LDS  R31,@0+(@1)+1
                 	LDS  R22,@0+(@1)+2
                 	LDS  R23,@0+(@1)+3
                 	.ENDM
                 
                 	.MACRO __GETBRMN
                 	LDS  R@0,@1+(@2)
                 	.ENDM
                 
                 	.MACRO __GETWRMN
                 	LDS  R@0,@2+(@3)
                 	LDS  R@1,@2+(@3)+1
                 	.ENDM
                 
                 	.MACRO __GETWRZ
                 	LDD  R@0,Z+@2
                 	LDD  R@1,Z+@2+1
                 	.ENDM
                 
                 	.MACRO __GETD2Z
                 	LDD  R26,Z+@0
                 	LDD  R27,Z+@0+1
                 	LDD  R24,Z+@0+2
                 	LDD  R25,Z+@0+3
                 	.ENDM
                 
                 	.MACRO __GETB2MN
                 	LDS  R26,@0+(@1)
                 	.ENDM
                 
                 	.MACRO __GETW2MN
                 	LDS  R26,@0+(@1)
                 	LDS  R27,@0+(@1)+1
                 	.ENDM
                 
                 	.MACRO __GETD2MN
                 	LDS  R26,@0+(@1)
                 	LDS  R27,@0+(@1)+1
                 	LDS  R24,@0+(@1)+2
                 	LDS  R25,@0+(@1)+3
                 	.ENDM
                 
                 	.MACRO __PUTB1MN
                 	STS  @0+(@1),R30
                 	.ENDM
                 
                 	.MACRO __PUTW1MN
                 	STS  @0+(@1),R30
                 	STS  @0+(@1)+1,R31
                 	.ENDM
                 
                 	.MACRO __PUTD1MN
                 	STS  @0+(@1),R30
                 	STS  @0+(@1)+1,R31
                 	STS  @0+(@1)+2,R22
                 	STS  @0+(@1)+3,R23
                 	.ENDM
                 
                 	.MACRO __PUTB1EN
                 	LDI  R26,LOW(@0+(@1))
                 	LDI  R27,HIGH(@0+(@1))
                 	CALL __EEPROMWRB
                 	.ENDM
                 
                 	.MACRO __PUTW1EN
                 	LDI  R26,LOW(@0+(@1))
                 	LDI  R27,HIGH(@0+(@1))
                 	CALL __EEPROMWRW
                 	.ENDM
                 
                 	.MACRO __PUTD1EN
                 	LDI  R26,LOW(@0+(@1))
                 	LDI  R27,HIGH(@0+(@1))
                 	CALL __EEPROMWRD
                 	.ENDM
                 
                 	.MACRO __PUTBR0MN
                 	STS  @0+(@1),R0
                 	.ENDM
                 
                 	.MACRO __PUTBMRN
                 	STS  @0+(@1),R@2
                 	.ENDM
                 
                 	.MACRO __PUTWMRN
                 	STS  @0+(@1),R@2
                 	STS  @0+(@1)+1,R@3
                 	.ENDM
                 
                 	.MACRO __PUTBZR
                 	STD  Z+@1,R@0
                 	.ENDM
                 
                 	.MACRO __PUTWZR
                 	STD  Z+@2,R@0
                 	STD  Z+@2+1,R@1
                 	.ENDM
                 
                 	.MACRO __GETW1R
                 	MOV  R30,R@0
                 	MOV  R31,R@1
                 	.ENDM
                 
                 	.MACRO __GETW2R
                 	MOV  R26,R@0
                 	MOV  R27,R@1
                 	.ENDM
                 
                 	.MACRO __GETWRN
                 	LDI  R@0,LOW(@2)
                 	LDI  R@1,HIGH(@2)
                 	.ENDM
                 
                 	.MACRO __PUTW1R
                 	MOV  R@0,R30
                 	MOV  R@1,R31
                 	.ENDM
                 
                 	.MACRO __PUTW2R
                 	MOV  R@0,R26
                 	MOV  R@1,R27
                 	.ENDM
                 
                 	.MACRO __ADDWRN
                 	SUBI R@0,LOW(-@2)
                 	SBCI R@1,HIGH(-@2)
                 	.ENDM
                 
                 	.MACRO __ADDWRR
                 	ADD  R@0,R@2
                 	ADC  R@1,R@3
                 	.ENDM
                 
                 	.MACRO __SUBWRN
                 	SUBI R@0,LOW(@2)
                 	SBCI R@1,HIGH(@2)
                 	.ENDM
                 
                 	.MACRO __SUBWRR
                 	SUB  R@0,R@2
                 	SBC  R@1,R@3
                 	.ENDM
                 
                 	.MACRO __ANDWRN
                 	ANDI R@0,LOW(@2)
                 	ANDI R@1,HIGH(@2)
                 	.ENDM
                 
                 	.MACRO __ANDWRR
                 	AND  R@0,R@2
                 	AND  R@1,R@3
                 	.ENDM
                 
                 	.MACRO __ORWRN
                 	ORI  R@0,LOW(@2)
                 	ORI  R@1,HIGH(@2)
                 	.ENDM
                 
                 	.MACRO __ORWRR
                 	OR   R@0,R@2
                 	OR   R@1,R@3
                 	.ENDM
                 
                 	.MACRO __EORWRR
                 	EOR  R@0,R@2
                 	EOR  R@1,R@3
                 	.ENDM
                 
                 	.MACRO __GETWRS
                 	LDD  R@0,Y+@2
                 	LDD  R@1,Y+@2+1
                 	.ENDM
                 
                 	.MACRO __PUTBSR
                 	STD  Y+@1,R@0
                 	.ENDM
                 
                 	.MACRO __PUTWSR
                 	STD  Y+@2,R@0
                 	STD  Y+@2+1,R@1
                 	.ENDM
                 
                 	.MACRO __MOVEWRR
                 	MOV  R@0,R@2
                 	MOV  R@1,R@3
                 	.ENDM
                 
                 	.MACRO __INWR
                 	IN   R@0,@2
                 	IN   R@1,@2+1
                 	.ENDM
                 
                 	.MACRO __OUTWR
                 	OUT  @2+1,R@1
                 	OUT  @2,R@0
                 	.ENDM
                 
                 	.MACRO __CALL1MN
                 	LDS  R30,@0+(@1)
                 	LDS  R31,@0+(@1)+1
                 	ICALL
                 	.ENDM
                 
                 	.MACRO __CALL1FN
                 	LDI  R30,LOW(2*@0+(@1))
                 	LDI  R31,HIGH(2*@0+(@1))
                 	CALL __GETW1PF
                 	ICALL
                 	.ENDM
                 
                 	.MACRO __CALL2EN
                 	PUSH R26
                 	PUSH R27
                 	LDI  R26,LOW(@0+(@1))
                 	LDI  R27,HIGH(@0+(@1))
                 	CALL __EEPROMRDW
                 	POP  R27
                 	POP  R26
                 	ICALL
                 	.ENDM
                 
                 	.MACRO __CALL2EX
                 	SUBI R26,LOW(-@0)
                 	SBCI R27,HIGH(-@0)
                 	CALL __EEPROMRDD
                 	ICALL
                 	.ENDM
                 
                 	.MACRO __GETW1STACK
                 	IN   R30,SPL
                 	IN   R31,SPH
                 	ADIW R30,@0+1
                 	LD   R0,Z+
                 	LD   R31,Z
                 	MOV  R30,R0
                 	.ENDM
                 
                 	.MACRO __GETD1STACK
                 	IN   R30,SPL
                 	IN   R31,SPH
                 	ADIW R30,@0+1
                 	LD   R0,Z+
                 	LD   R1,Z+
                 	LD   R22,Z
                 	MOVW R30,R0
                 	.ENDM
                 
                 	.MACRO __NBST
                 	BST  R@0,@1
                 	IN   R30,SREG
                 	LDI  R31,0x40
                 	EOR  R30,R31
                 	OUT  SREG,R30
                 	.ENDM
                 
                 
                 	.MACRO __PUTB1SN
                 	LDD  R26,Y+@0
                 	LDD  R27,Y+@0+1
                 	SUBI R26,LOW(-@1)
                 	SBCI R27,HIGH(-@1)
                 	ST   X,R30
                 	.ENDM
                 
                 	.MACRO __PUTW1SN
                 	LDD  R26,Y+@0
                 	LDD  R27,Y+@0+1
                 	SUBI R26,LOW(-@1)
                 	SBCI R27,HIGH(-@1)
                 	ST   X+,R30
                 	ST   X,R31
                 	.ENDM
                 
                 	.MACRO __PUTD1SN
                 	LDD  R26,Y+@0
                 	LDD  R27,Y+@0+1
                 	SUBI R26,LOW(-@1)
                 	SBCI R27,HIGH(-@1)
                 	CALL __PUTDP1
                 	.ENDM
                 
                 	.MACRO __PUTB1SNS
                 	LDD  R26,Y+@0
                 	LDD  R27,Y+@0+1
                 	ADIW R26,@1
                 	ST   X,R30
                 	.ENDM
                 
                 	.MACRO __PUTW1SNS
                 	LDD  R26,Y+@0
                 	LDD  R27,Y+@0+1
                 	ADIW R26,@1
                 	ST   X+,R30
                 	ST   X,R31
                 	.ENDM
                 
                 	.MACRO __PUTD1SNS
                 	LDD  R26,Y+@0
                 	LDD  R27,Y+@0+1
                 	ADIW R26,@1
                 	CALL __PUTDP1
                 	.ENDM
                 
                 	.MACRO __PUTB1PMN
                 	LDS  R26,@0
                 	LDS  R27,@0+1
                 	SUBI R26,LOW(-@1)
                 	SBCI R27,HIGH(-@1)
                 	ST   X,R30
                 	.ENDM
                 
                 	.MACRO __PUTW1PMN
                 	LDS  R26,@0
                 	LDS  R27,@0+1
                 	SUBI R26,LOW(-@1)
                 	SBCI R27,HIGH(-@1)
                 	ST   X+,R30
                 	ST   X,R31
                 	.ENDM
                 
                 	.MACRO __PUTD1PMN
                 	LDS  R26,@0
                 	LDS  R27,@0+1
                 	SUBI R26,LOW(-@1)
                 	SBCI R27,HIGH(-@1)
                 	CALL __PUTDP1
                 	.ENDM
                 
                 	.MACRO __PUTB1PMNS
                 	LDS  R26,@0
                 	LDS  R27,@0+1
                 	ADIW R26,@1
                 	ST   X,R30
                 	.ENDM
                 
                 	.MACRO __PUTW1PMNS
                 	LDS  R26,@0
                 	LDS  R27,@0+1
                 	ADIW R26,@1
                 	ST   X+,R30
                 	ST   X,R31
                 	.ENDM
                 
                 	.MACRO __PUTD1PMNS
                 	LDS  R26,@0
                 	LDS  R27,@0+1
                 	ADIW R26,@1
                 	CALL __PUTDP1
                 	.ENDM
                 
                 	.MACRO __PUTB1RN
                 	MOVW R26,R@0
                 	SUBI R26,LOW(-@1)
                 	SBCI R27,HIGH(-@1)
                 	ST   X,R30
                 	.ENDM
                 
                 	.MACRO __PUTW1RN
                 	MOVW R26,R@0
                 	SUBI R26,LOW(-@1)
                 	SBCI R27,HIGH(-@1)
                 	ST   X+,R30
                 	ST   X,R31
                 	.ENDM
                 
                 	.MACRO __PUTD1RN
                 	MOVW R26,R@0
                 	SUBI R26,LOW(-@1)
                 	SBCI R27,HIGH(-@1)
                 	CALL __PUTDP1
                 	.ENDM
                 
                 	.MACRO __PUTB1RNS
                 	MOVW R26,R@0
                 	ADIW R26,@1
                 	ST   X,R30
                 	.ENDM
                 
                 	.MACRO __PUTW1RNS
                 	MOVW R26,R@0
                 	ADIW R26,@1
                 	ST   X+,R30
                 	ST   X,R31
                 	.ENDM
                 
                 	.MACRO __PUTD1RNS
                 	MOVW R26,R@0
                 	ADIW R26,@1
                 	CALL __PUTDP1
                 	.ENDM
                 
                 	.MACRO __PUTB1RON
                 	MOV  R26,R@0
                 	MOV  R27,R@1
                 	SUBI R26,LOW(-@2)
                 	SBCI R27,HIGH(-@2)
                 	ST   X,R30
                 	.ENDM
                 
                 	.MACRO __PUTW1RON
                 	MOV  R26,R@0
                 	MOV  R27,R@1
                 	SUBI R26,LOW(-@2)
                 	SBCI R27,HIGH(-@2)
                 	ST   X+,R30
                 	ST   X,R31
                 	.ENDM
                 
                 	.MACRO __PUTD1RON
                 	MOV  R26,R@0
                 	MOV  R27,R@1
                 	SUBI R26,LOW(-@2)
                 	SBCI R27,HIGH(-@2)
                 	CALL __PUTDP1
                 	.ENDM
                 
                 	.MACRO __PUTB1RONS
                 	MOV  R26,R@0
                 	MOV  R27,R@1
                 	ADIW R26,@2
                 	ST   X,R30
                 	.ENDM
                 
                 	.MACRO __PUTW1RONS
                 	MOV  R26,R@0
                 	MOV  R27,R@1
                 	ADIW R26,@2
                 	ST   X+,R30
                 	ST   X,R31
                 	.ENDM
                 
                 	.MACRO __PUTD1RONS
                 	MOV  R26,R@0
                 	MOV  R27,R@1
                 	ADIW R26,@2
                 	CALL __PUTDP1
                 	.ENDM
                 
                 
                 	.MACRO __GETB1SX
                 	MOVW R30,R28
                 	SUBI R30,LOW(-@0)
                 	SBCI R31,HIGH(-@0)
                 	LD   R30,Z
                 	.ENDM
                 
                 	.MACRO __GETB1HSX
                 	MOVW R30,R28
                 	SUBI R30,LOW(-@0)
                 	SBCI R31,HIGH(-@0)
                 	LD   R31,Z
                 	.ENDM
                 
                 	.MACRO __GETW1SX
                 	MOVW R30,R28
                 	SUBI R30,LOW(-@0)
                 	SBCI R31,HIGH(-@0)
                 	LD   R0,Z+
                 	LD   R31,Z
                 	MOV  R30,R0
                 	.ENDM
                 
                 	.MACRO __GETD1SX
                 	MOVW R30,R28
                 	SUBI R30,LOW(-@0)
                 	SBCI R31,HIGH(-@0)
                 	LD   R0,Z+
                 	LD   R1,Z+
                 	LD   R22,Z+
                 	LD   R23,Z
                 	MOVW R30,R0
                 	.ENDM
                 
                 	.MACRO __GETB2SX
                 	MOVW R26,R28
                 	SUBI R26,LOW(-@0)
                 	SBCI R27,HIGH(-@0)
                 	LD   R26,X
                 	.ENDM
                 
                 	.MACRO __GETW2SX
                 	MOVW R26,R28
                 	SUBI R26,LOW(-@0)
                 	SBCI R27,HIGH(-@0)
                 	LD   R0,X+
                 	LD   R27,X
                 	MOV  R26,R0
                 	.ENDM
                 
                 	.MACRO __GETD2SX
                 	MOVW R26,R28
                 	SUBI R26,LOW(-@0)
                 	SBCI R27,HIGH(-@0)
                 	LD   R0,X+
                 	LD   R1,X+
                 	LD   R24,X+
                 	LD   R25,X
                 	MOVW R26,R0
                 	.ENDM
                 
                 	.MACRO __GETBRSX
                 	MOVW R30,R28
                 	SUBI R30,LOW(-@1)
                 	SBCI R31,HIGH(-@1)
                 	LD   R@0,Z
                 	.ENDM
                 
                 	.MACRO __GETWRSX
                 	MOVW R30,R28
                 	SUBI R30,LOW(-@2)
                 	SBCI R31,HIGH(-@2)
                 	LD   R@0,Z+
                 	LD   R@1,Z
                 	.ENDM
                 
                 	.MACRO __GETBRSX2
                 	MOVW R26,R28
                 	SUBI R26,LOW(-@1)
                 	SBCI R27,HIGH(-@1)
                 	LD   R@0,X
                 	.ENDM
                 
                 	.MACRO __GETWRSX2
                 	MOVW R26,R28
                 	SUBI R26,LOW(-@2)
                 	SBCI R27,HIGH(-@2)
                 	LD   R@0,X+
                 	LD   R@1,X
                 	.ENDM
                 
                 	.MACRO __LSLW8SX
                 	MOVW R30,R28
                 	SUBI R30,LOW(-@0)
                 	SBCI R31,HIGH(-@0)
                 	LD   R31,Z
                 	CLR  R30
                 	.ENDM
                 
                 	.MACRO __PUTB1SX
                 	MOVW R26,R28
                 	SUBI R26,LOW(-@0)
                 	SBCI R27,HIGH(-@0)
                 	ST   X,R30
                 	.ENDM
                 
                 	.MACRO __PUTW1SX
                 	MOVW R26,R28
                 	SUBI R26,LOW(-@0)
                 	SBCI R27,HIGH(-@0)
                 	ST   X+,R30
                 	ST   X,R31
                 	.ENDM
                 
                 	.MACRO __PUTD1SX
                 	MOVW R26,R28
                 	SUBI R26,LOW(-@0)
                 	SBCI R27,HIGH(-@0)
                 	ST   X+,R30
                 	ST   X+,R31
                 	ST   X+,R22
                 	ST   X,R23
                 	.ENDM
                 
                 	.MACRO __CLRW1SX
                 	MOVW R26,R28
                 	SUBI R26,LOW(-@0)
                 	SBCI R27,HIGH(-@0)
                 	ST   X+,R30
                 	ST   X,R30
                 	.ENDM
                 
                 	.MACRO __CLRD1SX
                 	MOVW R26,R28
                 	SUBI R26,LOW(-@0)
                 	SBCI R27,HIGH(-@0)
                 	ST   X+,R30
                 	ST   X+,R30
                 	ST   X+,R30
                 	ST   X,R30
                 	.ENDM
                 
                 	.MACRO __PUTB2SX
                 	MOVW R30,R28
                 	SUBI R30,LOW(-@0)
                 	SBCI R31,HIGH(-@0)
                 	ST   Z,R26
                 	.ENDM
                 
                 	.MACRO __PUTW2SX
                 	MOVW R30,R28
                 	SUBI R30,LOW(-@0)
                 	SBCI R31,HIGH(-@0)
                 	ST   Z+,R26
                 	ST   Z,R27
                 	.ENDM
                 
                 	.MACRO __PUTD2SX
                 	MOVW R30,R28
                 	SUBI R30,LOW(-@0)
                 	SBCI R31,HIGH(-@0)
                 	ST   Z+,R26
                 	ST   Z+,R27
                 	ST   Z+,R24
                 	ST   Z,R25
                 	.ENDM
                 
                 	.MACRO __PUTBSRX
                 	MOVW R30,R28
                 	SUBI R30,LOW(-@1)
                 	SBCI R31,HIGH(-@1)
                 	ST   Z,R@0
                 	.ENDM
                 
                 	.MACRO __PUTWSRX
                 	MOVW R30,R28
                 	SUBI R30,LOW(-@2)
                 	SBCI R31,HIGH(-@2)
                 	ST   Z+,R@0
                 	ST   Z,R@1
                 	.ENDM
                 
                 	.MACRO __PUTB1SNX
                 	MOVW R26,R28
                 	SUBI R26,LOW(-@0)
                 	SBCI R27,HIGH(-@0)
                 	LD   R0,X+
                 	LD   R27,X
                 	MOV  R26,R0
                 	SUBI R26,LOW(-@1)
                 	SBCI R27,HIGH(-@1)
                 	ST   X,R30
                 	.ENDM
                 
                 	.MACRO __PUTW1SNX
                 	MOVW R26,R28
                 	SUBI R26,LOW(-@0)
                 	SBCI R27,HIGH(-@0)
                 	LD   R0,X+
                 	LD   R27,X
                 	MOV  R26,R0
                 	SUBI R26,LOW(-@1)
                 	SBCI R27,HIGH(-@1)
                 	ST   X+,R30
                 	ST   X,R31
                 	.ENDM
                 
                 	.MACRO __PUTD1SNX
                 	MOVW R26,R28
                 	SUBI R26,LOW(-@0)
                 	SBCI R27,HIGH(-@0)
                 	LD   R0,X+
                 	LD   R27,X
                 	MOV  R26,R0
                 	SUBI R26,LOW(-@1)
                 	SBCI R27,HIGH(-@1)
                 	ST   X+,R30
                 	ST   X+,R31
                 	ST   X+,R22
                 	ST   X,R23
                 	.ENDM
                 
                 	.MACRO __MULBRR
                 	MULS R@0,R@1
                 	MOVW R30,R0
                 	.ENDM
                 
                 	.MACRO __MULBRRU
                 	MUL  R@0,R@1
                 	MOVW R30,R0
                 	.ENDM
                 
                 	.MACRO __MULBRR0
                 	MULS R@0,R@1
                 	.ENDM
                 
                 	.MACRO __MULBRRU0
                 	MUL  R@0,R@1
                 	.ENDM
                 
                 	.MACRO __MULBNWRU
                 	LDI  R26,@2
                 	MUL  R26,R@0
                 	MOVW R30,R0
                 	MUL  R26,R@1
                 	ADD  R31,R0
                 	.ENDM
                 
                 ;NAME DEFINITIONS FOR GLOBAL VARIABLES ALLOCATED TO REGISTERS
                 	.DEF __lcd_x=R5
                 	.DEF __lcd_y=R4
                 	.DEF __lcd_maxx=R7
                 
                 	.CSEG
                 	.ORG 0x00
                 
                 ;START OF CODE MARKER
                 __START_OF_CODE:
                 
                 ;INTERRUPT VECTORS
000000 940c 003f 	JMP  __RESET
000002 940c 0000 	JMP  0x00
000004 940c 0000 	JMP  0x00
000006 940c 0000 	JMP  0x00
000008 940c 0000 	JMP  0x00
00000a 940c 0000 	JMP  0x00
00000c 940c 0000 	JMP  0x00
00000e 940c 0000 	JMP  0x00
000010 940c 0000 	JMP  0x00
000012 940c 0000 	JMP  0x00
000014 940c 0000 	JMP  0x00
000016 940c 0000 	JMP  0x00
000018 940c 0000 	JMP  0x00
00001a 940c 0000 	JMP  0x00
00001c 940c 0000 	JMP  0x00
00001e 940c 0000 	JMP  0x00
000020 940c 0000 	JMP  0x00
000022 940c 0000 	JMP  0x00
000024 940c 0000 	JMP  0x00
000026 940c 0000 	JMP  0x00
000028 940c 0000 	JMP  0x00
                 
                 _tbl10_G100:
00002a 2710
00002b 03e8
00002c 0064
00002d 000a      	.DB  0x10,0x27,0xE8,0x3,0x64,0x0,0xA,0x0
00002e 0001      	.DB  0x1,0x0
                 _tbl16_G100:
00002f 1000
000030 0100
000031 0010
000032 0001      	.DB  0x0,0x10,0x0,0x1,0x10,0x0,0x1,0x0
                 
                 _0x0:
000033 6f4d
000034 7473
000035 6661
000036 4661      	.DB  0x4D,0x6F,0x73,0x74,0x61,0x66,0x61,0x46
000037 7a61
000038 696c
G:\University\Unit 7\TA\Microproccesor\CounterAVR\Debug\List\CounterAVR.asm(1129): warning: .cseg .db misalignment - padding zero byte
000039 0000      	.DB  0x61,0x7A,0x6C,0x69,0x0
                 _0x2020003:
00003a c080      	.DB  0x80,0xC0
                 
                 __GLOBAL_INI_TBL:
00003b 0002      	.DW  0x02
00003c 0260      	.DW  __base_y_G101
00003d 0074      	.DW  _0x2020003*2
                 
                 _0xFFFFFFFF:
00003e 0000      	.DW  0
                 
                 #define __GLOBAL_INI_TBL_PRESENT 1
                 
                 __RESET:
00003f 94f8      	CLI
000040 27ee      	CLR  R30
000041 bbec      	OUT  EECR,R30
                 
                 ;INTERRUPT VECTORS ARE PLACED
                 ;AT THE START OF FLASH
000042 e0f1      	LDI  R31,1
000043 bffb      	OUT  GICR,R31
000044 bfeb      	OUT  GICR,R30
000045 bfe5      	OUT  MCUCR,R30
                 
                 ;CLEAR R2-R14
000046 e08d      	LDI  R24,(14-2)+1
000047 e0a2      	LDI  R26,2
000048 27bb      	CLR  R27
                 __CLEAR_REG:
000049 93ed      	ST   X+,R30
00004a 958a      	DEC  R24
00004b f7e9      	BRNE __CLEAR_REG
                 
                 ;CLEAR SRAM
00004c e080      	LDI  R24,LOW(__CLEAR_SRAM_SIZE)
00004d e098      	LDI  R25,HIGH(__CLEAR_SRAM_SIZE)
00004e e6a0      	LDI  R26,__SRAM_START
                 __CLEAR_SRAM:
00004f 93ed      	ST   X+,R30
000050 9701      	SBIW R24,1
000051 f7e9      	BRNE __CLEAR_SRAM
                 
                 ;GLOBAL VARIABLES INITIALIZATION
000052 e7e6      	LDI  R30,LOW(__GLOBAL_INI_TBL*2)
000053 e0f0      	LDI  R31,HIGH(__GLOBAL_INI_TBL*2)
                 __GLOBAL_INI_NEXT:
000054 9185      	LPM  R24,Z+
000055 9195      	LPM  R25,Z+
000056 9700      	SBIW R24,0
000057 f061      	BREQ __GLOBAL_INI_END
000058 91a5      	LPM  R26,Z+
000059 91b5      	LPM  R27,Z+
00005a 9005      	LPM  R0,Z+
00005b 9015      	LPM  R1,Z+
00005c 01bf      	MOVW R22,R30
00005d 01f0      	MOVW R30,R0
                 __GLOBAL_INI_LOOP:
00005e 9005      	LPM  R0,Z+
00005f 920d      	ST   X+,R0
000060 9701      	SBIW R24,1
000061 f7e1      	BRNE __GLOBAL_INI_LOOP
000062 01fb      	MOVW R30,R22
000063 cff0      	RJMP __GLOBAL_INI_NEXT
                 __GLOBAL_INI_END:
                 
                 ;HARDWARE STACK POINTER INITIALIZATION
000064 e5ef      	LDI  R30,LOW(__SRAM_END-__HEAP_SIZE)
000065 bfed      	OUT  SPL,R30
000066 e0e8      	LDI  R30,HIGH(__SRAM_END-__HEAP_SIZE)
000067 bfee      	OUT  SPH,R30
                 
                 ;DATA STACK POINTER INITIALIZATION
000068 e6c0      	LDI  R28,LOW(__SRAM_START+__DSTACK_SIZE)
000069 e0d2      	LDI  R29,HIGH(__SRAM_START+__DSTACK_SIZE)
                 
00006a 940c 006c 	JMP  _main
                 
                 	.ESEG
                 	.ORG 0
                 
                 	.DSEG
                 	.ORG 0x260
                 
                 	.CSEG
                 ;/*******************************************************
                 ;This program was created by the
                 ;CodeWizardAVR V3.12 Advanced
                 ;Automatic Program Generator
                 ;© Copyright 1998-2014 Pavel Haiduc, HP InfoTech s.r.l.
                 ;http://www.hpinfotech.com
                 ;
                 ;Project :
                 ;Version :
                 ;Date    : 11/28/2022
                 ;Author  :
                 ;Company :
                 ;Comments:
                 ;
                 ;
                 ;Chip type               : ATmega32
                 ;Program type            : Application
                 ;AVR Core Clock frequency: 8.000000 MHz
                 ;Memory model            : Small
                 ;External RAM size       : 0
                 ;Data Stack size         : 512
                 ;*******************************************************/
                 ;
                 ;#include <mega32.h>
                 	#ifndef __SLEEP_DEFINED__
                 	#define __SLEEP_DEFINED__
                 	.EQU __se_bit=0x80
                 	.EQU __sm_mask=0x70
                 	.EQU __sm_powerdown=0x20
                 	.EQU __sm_powersave=0x30
                 	.EQU __sm_standby=0x60
                 	.EQU __sm_ext_standby=0x70
                 	.EQU __sm_adc_noise_red=0x10
                 	.SET power_ctrl_reg=mcucr
                 	#endif
                 ;#include <stdio.h>
                 ;
                 ;// Alphanumeric LCD functions
                 ;#include <alcd.h>
                 ;
                 ;// Declare your global variables here
                 ;
                 ;void main(void)
                 ; 0000 0021 {
                 
                 	.CSEG
                 _main:
                 ; .FSTART _main
                 ; 0000 0022 
                 ; 0000 0023 char str[17];
                 ; 0000 0024 // Declare your local variables here
                 ; 0000 0025 
                 ; 0000 0026 // Input/Output Ports initialization
                 ; 0000 0027 // Port A initialization
                 ; 0000 0028 // Function: Bit7=In Bit6=In Bit5=In Bit4=In Bit3=In Bit2=In Bit1=In Bit0=In
                 ; 0000 0029 DDRA=(0<<DDA7) | (0<<DDA6) | (0<<DDA5) | (0<<DDA4) | (0<<DDA3) | (0<<DDA2) | (0<<DDA1) | (0<<DDA0);
00006c 9761      	SBIW R28,17
                 ;	str -> Y+0
00006d e0e0      	LDI  R30,LOW(0)
00006e bbea      	OUT  0x1A,R30
                 ; 0000 002A // State: Bit7=T Bit6=T Bit5=T Bit4=T Bit3=T Bit2=T Bit1=T Bit0=T
                 ; 0000 002B PORTA=(0<<PORTA7) | (0<<PORTA6) | (0<<PORTA5) | (0<<PORTA4) | (0<<PORTA3) | (0<<PORTA2) | (0<<PORTA1) | (0<<PORTA0);
00006f bbeb      	OUT  0x1B,R30
                 ; 0000 002C 
                 ; 0000 002D // Port B initialization
                 ; 0000 002E // Function: Bit7=In Bit6=In Bit5=In Bit4=In Bit3=In Bit2=In Bit1=In Bit0=In
                 ; 0000 002F DDRB=(0<<DDB7) | (0<<DDB6) | (0<<DDB5) | (0<<DDB4) | (0<<DDB3) | (0<<DDB2) | (0<<DDB1) | (0<<DDB0);
000070 bbe7      	OUT  0x17,R30
                 ; 0000 0030 // State: Bit7=T Bit6=T Bit5=T Bit4=T Bit3=T Bit2=T Bit1=T Bit0=T
                 ; 0000 0031 PORTB=(0<<PORTB7) | (0<<PORTB6) | (0<<PORTB5) | (0<<PORTB4) | (0<<PORTB3) | (0<<PORTB2) | (0<<PORTB1) | (0<<PORTB0);
000071 bbe8      	OUT  0x18,R30
                 ; 0000 0032 
                 ; 0000 0033 // Port C initialization
                 ; 0000 0034 // Function: Bit7=In Bit6=In Bit5=In Bit4=In Bit3=In Bit2=In Bit1=In Bit0=In
                 ; 0000 0035 DDRC=(0<<DDC7) | (0<<DDC6) | (0<<DDC5) | (0<<DDC4) | (0<<DDC3) | (0<<DDC2) | (0<<DDC1) | (0<<DDC0);
000072 bbe4      	OUT  0x14,R30
                 ; 0000 0036 // State: Bit7=T Bit6=T Bit5=T Bit4=T Bit3=T Bit2=T Bit1=T Bit0=T
                 ; 0000 0037 PORTC=(0<<PORTC7) | (0<<PORTC6) | (0<<PORTC5) | (0<<PORTC4) | (0<<PORTC3) | (0<<PORTC2) | (0<<PORTC1) | (0<<PORTC0);
000073 bbe5      	OUT  0x15,R30
                 ; 0000 0038 
                 ; 0000 0039 // Port D initialization
                 ; 0000 003A // Function: Bit7=In Bit6=In Bit5=In Bit4=In Bit3=In Bit2=In Bit1=In Bit0=In
                 ; 0000 003B DDRD=(0<<DDD7) | (0<<DDD6) | (0<<DDD5) | (0<<DDD4) | (0<<DDD3) | (0<<DDD2) | (0<<DDD1) | (0<<DDD0);
000074 bbe1      	OUT  0x11,R30
                 ; 0000 003C // State: Bit7=T Bit6=T Bit5=T Bit4=T Bit3=T Bit2=T Bit1=T Bit0=T
                 ; 0000 003D PORTD=(0<<PORTD7) | (0<<PORTD6) | (0<<PORTD5) | (0<<PORTD4) | (0<<PORTD3) | (0<<PORTD2) | (0<<PORTD1) | (0<<PORTD0);
000075 bbe2      	OUT  0x12,R30
                 ; 0000 003E 
                 ; 0000 003F // Timer/Counter 0 initialization
                 ; 0000 0040 // Clock source: System Clock
                 ; 0000 0041 // Clock value: Timer 0 Stopped
                 ; 0000 0042 // Mode: Normal top=0xFF
                 ; 0000 0043 // OC0 output: Disconnected
                 ; 0000 0044 TCCR0=(0<<WGM00) | (0<<COM01) | (0<<COM00) | (0<<WGM01) | (0<<CS02) | (0<<CS01) | (0<<CS00);
000076 bfe3      	OUT  0x33,R30
                 ; 0000 0045 TCNT0=0x00;
000077 bfe2      	OUT  0x32,R30
                 ; 0000 0046 OCR0=0x00;
000078 bfec      	OUT  0x3C,R30
                 ; 0000 0047 
                 ; 0000 0048 // Timer/Counter 1 initialization
                 ; 0000 0049 // Clock source: System Clock
                 ; 0000 004A // Clock value: Timer1 Stopped
                 ; 0000 004B // Mode: Normal top=0xFFFF
                 ; 0000 004C // OC1A output: Disconnected
                 ; 0000 004D // OC1B output: Disconnected
                 ; 0000 004E // Noise Canceler: Off
                 ; 0000 004F // Input Capture on Falling Edge
                 ; 0000 0050 // Timer1 Overflow Interrupt: Off
                 ; 0000 0051 // Input Capture Interrupt: Off
                 ; 0000 0052 // Compare A Match Interrupt: Off
                 ; 0000 0053 // Compare B Match Interrupt: Off
                 ; 0000 0054 TCCR1A=(0<<COM1A1) | (0<<COM1A0) | (0<<COM1B1) | (0<<COM1B0) | (0<<WGM11) | (0<<WGM10);
000079 bdef      	OUT  0x2F,R30
                 ; 0000 0055 TCCR1B=(0<<ICNC1) | (0<<ICES1) | (0<<WGM13) | (0<<WGM12) | (0<<CS12) | (0<<CS11) | (0<<CS10);
00007a bdee      	OUT  0x2E,R30
                 ; 0000 0056 TCNT1H=0x00;
00007b bded      	OUT  0x2D,R30
                 ; 0000 0057 TCNT1L=0x00;
00007c bdec      	OUT  0x2C,R30
                 ; 0000 0058 ICR1H=0x00;
00007d bde7      	OUT  0x27,R30
                 ; 0000 0059 ICR1L=0x00;
00007e bde6      	OUT  0x26,R30
                 ; 0000 005A OCR1AH=0x00;
00007f bdeb      	OUT  0x2B,R30
                 ; 0000 005B OCR1AL=0x00;
000080 bdea      	OUT  0x2A,R30
                 ; 0000 005C OCR1BH=0x00;
000081 bde9      	OUT  0x29,R30
                 ; 0000 005D OCR1BL=0x00;
000082 bde8      	OUT  0x28,R30
                 ; 0000 005E 
                 ; 0000 005F // Timer/Counter 2 initialization
                 ; 0000 0060 // Clock source: System Clock
                 ; 0000 0061 // Clock value: Timer2 Stopped
                 ; 0000 0062 // Mode: Normal top=0xFF
                 ; 0000 0063 // OC2 output: Disconnected
                 ; 0000 0064 ASSR=0<<AS2;
000083 bde2      	OUT  0x22,R30
                 ; 0000 0065 TCCR2=(0<<PWM2) | (0<<COM21) | (0<<COM20) | (0<<CTC2) | (0<<CS22) | (0<<CS21) | (0<<CS20);
000084 bde5      	OUT  0x25,R30
                 ; 0000 0066 TCNT2=0x00;
000085 bde4      	OUT  0x24,R30
                 ; 0000 0067 OCR2=0x00;
000086 bde3      	OUT  0x23,R30
                 ; 0000 0068 
                 ; 0000 0069 // Timer(s)/Counter(s) Interrupt(s) initialization
                 ; 0000 006A TIMSK=(0<<OCIE2) | (0<<TOIE2) | (0<<TICIE1) | (0<<OCIE1A) | (0<<OCIE1B) | (0<<TOIE1) | (0<<OCIE0) | (0<<TOIE0);
000087 bfe9      	OUT  0x39,R30
                 ; 0000 006B 
                 ; 0000 006C // External Interrupt(s) initialization
                 ; 0000 006D // INT0: Off
                 ; 0000 006E // INT1: Off
                 ; 0000 006F // INT2: Off
                 ; 0000 0070 MCUCR=(0<<ISC11) | (0<<ISC10) | (0<<ISC01) | (0<<ISC00);
000088 bfe5      	OUT  0x35,R30
                 ; 0000 0071 MCUCSR=(0<<ISC2);
000089 bfe4      	OUT  0x34,R30
                 ; 0000 0072 
                 ; 0000 0073 // USART initialization
                 ; 0000 0074 // USART disabled
                 ; 0000 0075 UCSRB=(0<<RXCIE) | (0<<TXCIE) | (0<<UDRIE) | (0<<RXEN) | (0<<TXEN) | (0<<UCSZ2) | (0<<RXB8) | (0<<TXB8);
00008a b9ea      	OUT  0xA,R30
                 ; 0000 0076 
                 ; 0000 0077 // Analog Comparator initialization
                 ; 0000 0078 // Analog Comparator: Off
                 ; 0000 0079 // The Analog Comparator's positive input is
                 ; 0000 007A // connected to the AIN0 pin
                 ; 0000 007B // The Analog Comparator's negative input is
                 ; 0000 007C // connected to the AIN1 pin
                 ; 0000 007D ACSR=(1<<ACD) | (0<<ACBG) | (0<<ACO) | (0<<ACI) | (0<<ACIE) | (0<<ACIC) | (0<<ACIS1) | (0<<ACIS0);
00008b e8e0      	LDI  R30,LOW(128)
00008c b9e8      	OUT  0x8,R30
                 ; 0000 007E SFIOR=(0<<ACME);
00008d e0e0      	LDI  R30,LOW(0)
00008e bfe0      	OUT  0x30,R30
                 ; 0000 007F 
                 ; 0000 0080 // ADC initialization
                 ; 0000 0081 // ADC disabled
                 ; 0000 0082 ADCSRA=(0<<ADEN) | (0<<ADSC) | (0<<ADATE) | (0<<ADIF) | (0<<ADIE) | (0<<ADPS2) | (0<<ADPS1) | (0<<ADPS0);
00008f b9e6      	OUT  0x6,R30
                 ; 0000 0083 
                 ; 0000 0084 // SPI initialization
                 ; 0000 0085 // SPI disabled
                 ; 0000 0086 SPCR=(0<<SPIE) | (0<<SPE) | (0<<DORD) | (0<<MSTR) | (0<<CPOL) | (0<<CPHA) | (0<<SPR1) | (0<<SPR0);
000090 b9ed      	OUT  0xD,R30
                 ; 0000 0087 
                 ; 0000 0088 // TWI initialization
                 ; 0000 0089 // TWI disabled
                 ; 0000 008A TWCR=(0<<TWEA) | (0<<TWSTA) | (0<<TWSTO) | (0<<TWEN) | (0<<TWIE);
000091 bfe6      	OUT  0x36,R30
                 ; 0000 008B 
                 ; 0000 008C // Alphanumeric LCD initialization
                 ; 0000 008D // Connections are specified in the
                 ; 0000 008E // Project|Configure|C Compiler|Libraries|Alphanumeric LCD menu:
                 ; 0000 008F // RS - PORTD Bit 0
                 ; 0000 0090 // RD - PORTD Bit 1
                 ; 0000 0091 // EN - PORTD Bit 2
                 ; 0000 0092 // D4 - PORTD Bit 4
                 ; 0000 0093 // D5 - PORTD Bit 5
                 ; 0000 0094 // D6 - PORTD Bit 6
                 ; 0000 0095 // D7 - PORTD Bit 7
                 ; 0000 0096 // Characters/line: 12
                 ; 0000 0097 lcd_init(12);
000092 e0ac      	LDI  R26,LOW(12)
000093 940e 02b1 	CALL _lcd_init
                 ; 0000 0098 
                 ; 0000 0099 while (1)
                 _0x3:
                 ; 0000 009A       {
                 ; 0000 009B       sprintf(str,"MostafaFazli");
000095 01fe      	MOVW R30,R28
000096 93fa      	ST   -Y,R31
000097 93ea      	ST   -Y,R30
                +
000098 e6e6     +LDI R30 , LOW ( 2 * _0x0 + ( 0 ) )
000099 e0f0     +LDI R31 , HIGH ( 2 * _0x0 + ( 0 ) )
                 	__POINTW1FN _0x0,0
00009a 93fa      	ST   -Y,R31
00009b 93ea      	ST   -Y,R30
00009c e080      	LDI  R24,0
00009d 940e 021e 	CALL _sprintf
00009f 9624      	ADIW R28,4
                 ; 0000 009C       lcd_gotoxy(0,0);
0000a0 e0e0      	LDI  R30,LOW(0)
0000a1 93ea      	ST   -Y,R30
0000a2 e0a0      	LDI  R26,LOW(0)
0000a3 940e 0272 	CALL _lcd_gotoxy
                 ; 0000 009D       lcd_puts(str);
0000a5 01de      	MOVW R26,R28
0000a6 940e 02a0 	CALL _lcd_puts
                 ; 0000 009E       }
0000a8 cfec      	RJMP _0x3
                 ; 0000 009F }
                 _0x6:
0000a9 cfff      	RJMP _0x6
                 ; .FEND
                 	#ifndef __SLEEP_DEFINED__
                 	#endif
                 
                 	.CSEG
                 _put_buff_G100:
                 ; .FSTART _put_buff_G100
0000aa 93ba      	ST   -Y,R27
0000ab 93aa      	ST   -Y,R26
0000ac 931a      	ST   -Y,R17
0000ad 930a      	ST   -Y,R16
0000ae 81aa      	LDD  R26,Y+2
0000af 81bb      	LDD  R27,Y+2+1
0000b0 9612      	ADIW R26,2
0000b1 940e 0344 	CALL __GETW1P
0000b3 9730      	SBIW R30,0
0000b4 f159      	BREQ _0x2000010
0000b5 81aa      	LDD  R26,Y+2
0000b6 81bb      	LDD  R27,Y+2+1
0000b7 9614      	ADIW R26,4
0000b8 940e 0344 	CALL __GETW1P
0000ba 018f      	MOVW R16,R30
0000bb 9730      	SBIW R30,0
0000bc f061      	BREQ _0x2000012
                +
0000bd 3002     +CPI R16 , LOW ( 2 )
0000be e0e0     +LDI R30 , HIGH ( 2 )
0000bf 071e     +CPC R17 , R30
                 	__CPWRN 16,17,2
0000c0 f098      	BRLO _0x2000013
0000c1 01f8      	MOVW R30,R16
0000c2 9731      	SBIW R30,1
0000c3 018f      	MOVW R16,R30
                +
0000c4 81aa     +LDD R26 , Y + 2
0000c5 81bb     +LDD R27 , Y + 2 + 1
0000c6 9614     +ADIW R26 , 4
0000c7 93ed     +ST X + , R30
0000c8 93fc     +ST X , R31
                 	__PUTW1SNS 2,4
                 _0x2000012:
0000c9 81aa      	LDD  R26,Y+2
0000ca 81bb      	LDD  R27,Y+2+1
0000cb 9612      	ADIW R26,2
0000cc 91ed      	LD   R30,X+
0000cd 91fd      	LD   R31,X+
0000ce 9631      	ADIW R30,1
0000cf 93fe      	ST   -X,R31
0000d0 93ee      	ST   -X,R30
0000d1 9731      	SBIW R30,1
0000d2 81ac      	LDD  R26,Y+4
0000d3 83a0      	STD  Z+0,R26
                 _0x2000013:
0000d4 81aa      	LDD  R26,Y+2
0000d5 81bb      	LDD  R27,Y+2+1
0000d6 940e 0344 	CALL __GETW1P
0000d8 23ff      	TST  R31
0000d9 f02a      	BRMI _0x2000014
0000da 91ed      	LD   R30,X+
0000db 91fd      	LD   R31,X+
0000dc 9631      	ADIW R30,1
0000dd 93fe      	ST   -X,R31
0000de 93ee      	ST   -X,R30
                 _0x2000014:
0000df c006      	RJMP _0x2000015
                 _0x2000010:
0000e0 81aa      	LDD  R26,Y+2
0000e1 81bb      	LDD  R27,Y+2+1
0000e2 efef      	LDI  R30,LOW(65535)
0000e3 efff      	LDI  R31,HIGH(65535)
0000e4 93ed      	ST   X+,R30
0000e5 93fc      	ST   X,R31
                 _0x2000015:
0000e6 8119      	LDD  R17,Y+1
0000e7 8108      	LDD  R16,Y+0
0000e8 9625      	ADIW R28,5
0000e9 9508      	RET
                 ; .FEND
                 __print_G100:
                 ; .FSTART __print_G100
0000ea 93ba      	ST   -Y,R27
0000eb 93aa      	ST   -Y,R26
0000ec 9726      	SBIW R28,6
0000ed 940e 034c 	CALL __SAVELOCR6
0000ef e010      	LDI  R17,0
0000f0 85ac      	LDD  R26,Y+12
0000f1 85bd      	LDD  R27,Y+12+1
0000f2 e0e0      	LDI  R30,LOW(0)
0000f3 e0f0      	LDI  R31,HIGH(0)
0000f4 93ed      	ST   X+,R30
0000f5 93fc      	ST   X,R31
                 _0x2000016:
0000f6 89ea      	LDD  R30,Y+18
0000f7 89fb      	LDD  R31,Y+18+1
0000f8 9631      	ADIW R30,1
0000f9 8bea      	STD  Y+18,R30
0000fa 8bfb      	STD  Y+18+1,R31
0000fb 9731      	SBIW R30,1
0000fc 91e4      	LPM  R30,Z
0000fd 2f2e      	MOV  R18,R30
0000fe 30e0      	CPI  R30,0
0000ff f409      	BRNE PC+2
000100 c115      	RJMP _0x2000018
000101 2fe1      	MOV  R30,R17
000102 30e0      	CPI  R30,0
000103 f439      	BRNE _0x200001C
000104 3225      	CPI  R18,37
000105 f411      	BRNE _0x200001D
000106 e011      	LDI  R17,LOW(1)
000107 c002      	RJMP _0x200001E
                 _0x200001D:
000108 940e 02f8 	CALL SUBOPT_0x0
                 _0x200001E:
00010a c10a      	RJMP _0x200001B
                 _0x200001C:
00010b 30e1      	CPI  R30,LOW(0x1)
00010c f4a9      	BRNE _0x200001F
00010d 3225      	CPI  R18,37
00010e f419      	BRNE _0x2000020
00010f 940e 02f8 	CALL SUBOPT_0x0
000111 c102      	RJMP _0x20000CC
                 _0x2000020:
000112 e012      	LDI  R17,LOW(2)
000113 e040      	LDI  R20,LOW(0)
000114 e000      	LDI  R16,LOW(0)
000115 322d      	CPI  R18,45
000116 f411      	BRNE _0x2000021
000117 e001      	LDI  R16,LOW(1)
000118 c0fc      	RJMP _0x200001B
                 _0x2000021:
000119 322b      	CPI  R18,43
00011a f411      	BRNE _0x2000022
00011b e24b      	LDI  R20,LOW(43)
00011c c0f8      	RJMP _0x200001B
                 _0x2000022:
00011d 3220      	CPI  R18,32
00011e f411      	BRNE _0x2000023
00011f e240      	LDI  R20,LOW(32)
000120 c0f4      	RJMP _0x200001B
                 _0x2000023:
000121 c002      	RJMP _0x2000024
                 _0x200001F:
000122 30e2      	CPI  R30,LOW(0x2)
000123 f439      	BRNE _0x2000025
                 _0x2000024:
000124 e050      	LDI  R21,LOW(0)
000125 e013      	LDI  R17,LOW(3)
000126 3320      	CPI  R18,48
000127 f411      	BRNE _0x2000026
000128 6800      	ORI  R16,LOW(128)
000129 c0eb      	RJMP _0x200001B
                 _0x2000026:
00012a c003      	RJMP _0x2000027
                 _0x2000025:
00012b 30e3      	CPI  R30,LOW(0x3)
00012c f009      	BREQ PC+2
00012d c0e7      	RJMP _0x200001B
                 _0x2000027:
00012e 3320      	CPI  R18,48
00012f f010      	BRLO _0x200002A
000130 332a      	CPI  R18,58
000131 f008      	BRLO _0x200002B
                 _0x200002A:
000132 c007      	RJMP _0x2000029
                 _0x200002B:
000133 e0aa      	LDI  R26,LOW(10)
000134 9f5a      	MUL  R21,R26
000135 2d50      	MOV  R21,R0
000136 2fe2      	MOV  R30,R18
000137 53e0      	SUBI R30,LOW(48)
000138 0f5e      	ADD  R21,R30
000139 c0db      	RJMP _0x200001B
                 _0x2000029:
00013a 2fe2      	MOV  R30,R18
00013b 36e3      	CPI  R30,LOW(0x63)
00013c f449      	BRNE _0x200002F
00013d 940e 02ff 	CALL SUBOPT_0x1
00013f 89e8      	LDD  R30,Y+16
000140 89f9      	LDD  R31,Y+16+1
000141 81a4      	LDD  R26,Z+4
000142 93aa      	ST   -Y,R26
000143 940e 0305 	CALL SUBOPT_0x2
000145 c0ce      	RJMP _0x2000030
                 _0x200002F:
000146 37e3      	CPI  R30,LOW(0x73)
000147 f441      	BRNE _0x2000032
000148 940e 02ff 	CALL SUBOPT_0x1
00014a 940e 030b 	CALL SUBOPT_0x3
00014c 940e 02df 	CALL _strlen
00014e 2f1e      	MOV  R17,R30
00014f c00a      	RJMP _0x2000033
                 _0x2000032:
000150 37e0      	CPI  R30,LOW(0x70)
000151 f461      	BRNE _0x2000035
000152 940e 02ff 	CALL SUBOPT_0x1
000154 940e 030b 	CALL SUBOPT_0x3
000156 940e 02eb 	CALL _strlenf
000158 2f1e      	MOV  R17,R30
000159 6008      	ORI  R16,LOW(8)
                 _0x2000033:
00015a 6002      	ORI  R16,LOW(2)
00015b 770f      	ANDI R16,LOW(127)
00015c e030      	LDI  R19,LOW(0)
00015d c034      	RJMP _0x2000036
                 _0x2000035:
00015e 36e4      	CPI  R30,LOW(0x64)
00015f f011      	BREQ _0x2000039
000160 36e9      	CPI  R30,LOW(0x69)
000161 f411      	BRNE _0x200003A
                 _0x2000039:
000162 6004      	ORI  R16,LOW(4)
000163 c002      	RJMP _0x200003B
                 _0x200003A:
000164 37e5      	CPI  R30,LOW(0x75)
000165 f431      	BRNE _0x200003C
                 _0x200003B:
000166 e5e4      	LDI  R30,LOW(_tbl10_G100*2)
000167 e0f0      	LDI  R31,HIGH(_tbl10_G100*2)
000168 83ee      	STD  Y+6,R30
000169 83ff      	STD  Y+6+1,R31
00016a e015      	LDI  R17,LOW(5)
00016b c00c      	RJMP _0x200003D
                 _0x200003C:
00016c 35e8      	CPI  R30,LOW(0x58)
00016d f411      	BRNE _0x200003F
00016e 6008      	ORI  R16,LOW(8)
00016f c003      	RJMP _0x2000040
                 _0x200003F:
000170 37e8      	CPI  R30,LOW(0x78)
000171 f009      	BREQ PC+2
000172 c0a1      	RJMP _0x2000071
                 _0x2000040:
000173 e5ee      	LDI  R30,LOW(_tbl16_G100*2)
000174 e0f0      	LDI  R31,HIGH(_tbl16_G100*2)
000175 83ee      	STD  Y+6,R30
000176 83ff      	STD  Y+6+1,R31
000177 e014      	LDI  R17,LOW(4)
                 _0x200003D:
000178 ff02      	SBRS R16,2
000179 c014      	RJMP _0x2000042
00017a 940e 02ff 	CALL SUBOPT_0x1
00017c 940e 0315 	CALL SUBOPT_0x4
00017e 85ab      	LDD  R26,Y+11
00017f 23aa      	TST  R26
000180 f43a      	BRPL _0x2000043
000181 85ea      	LDD  R30,Y+10
000182 85fb      	LDD  R31,Y+10+1
000183 940e 0340 	CALL __ANEGW1
000185 87ea      	STD  Y+10,R30
000186 87fb      	STD  Y+10+1,R31
000187 e24d      	LDI  R20,LOW(45)
                 _0x2000043:
000188 3040      	CPI  R20,0
000189 f011      	BREQ _0x2000044
00018a 5f1f      	SUBI R17,-LOW(1)
00018b c001      	RJMP _0x2000045
                 _0x2000044:
00018c 7f0b      	ANDI R16,LOW(251)
                 _0x2000045:
00018d c004      	RJMP _0x2000046
                 _0x2000042:
00018e 940e 02ff 	CALL SUBOPT_0x1
000190 940e 0315 	CALL SUBOPT_0x4
                 _0x2000046:
                 _0x2000036:
000192 fd00      	SBRC R16,0
000193 c011      	RJMP _0x2000047
                 _0x2000048:
000194 1715      	CP   R17,R21
000195 f478      	BRSH _0x200004A
000196 ff07      	SBRS R16,7
000197 c008      	RJMP _0x200004B
000198 ff02      	SBRS R16,2
000199 c004      	RJMP _0x200004C
00019a 7f0b      	ANDI R16,LOW(251)
00019b 2f24      	MOV  R18,R20
00019c 5011      	SUBI R17,LOW(1)
00019d c001      	RJMP _0x200004D
                 _0x200004C:
00019e e320      	LDI  R18,LOW(48)
                 _0x200004D:
00019f c001      	RJMP _0x200004E
                 _0x200004B:
0001a0 e220      	LDI  R18,LOW(32)
                 _0x200004E:
0001a1 940e 02f8 	CALL SUBOPT_0x0
0001a3 5051      	SUBI R21,LOW(1)
0001a4 cfef      	RJMP _0x2000048
                 _0x200004A:
                 _0x2000047:
0001a5 2f31      	MOV  R19,R17
0001a6 ff01      	SBRS R16,1
0001a7 c017      	RJMP _0x200004F
                 _0x2000050:
0001a8 3030      	CPI  R19,0
0001a9 f0a1      	BREQ _0x2000052
0001aa ff03      	SBRS R16,3
0001ab c006      	RJMP _0x2000053
0001ac 81ee      	LDD  R30,Y+6
0001ad 81ff      	LDD  R31,Y+6+1
0001ae 9125      	LPM  R18,Z+
0001af 83ee      	STD  Y+6,R30
0001b0 83ff      	STD  Y+6+1,R31
0001b1 c005      	RJMP _0x2000054
                 _0x2000053:
0001b2 81ae      	LDD  R26,Y+6
0001b3 81bf      	LDD  R27,Y+6+1
0001b4 912d      	LD   R18,X+
0001b5 83ae      	STD  Y+6,R26
0001b6 83bf      	STD  Y+6+1,R27
                 _0x2000054:
0001b7 940e 02f8 	CALL SUBOPT_0x0
0001b9 3050      	CPI  R21,0
0001ba f009      	BREQ _0x2000055
0001bb 5051      	SUBI R21,LOW(1)
                 _0x2000055:
0001bc 5031      	SUBI R19,LOW(1)
0001bd cfea      	RJMP _0x2000050
                 _0x2000052:
0001be c04b      	RJMP _0x2000056
                 _0x200004F:
                 _0x2000058:
0001bf e320      	LDI  R18,LOW(48)
0001c0 81ee      	LDD  R30,Y+6
0001c1 81ff      	LDD  R31,Y+6+1
0001c2 940e 0348 	CALL __GETW1PF
0001c4 87e8      	STD  Y+8,R30
0001c5 87f9      	STD  Y+8+1,R31
0001c6 81ee      	LDD  R30,Y+6
0001c7 81ff      	LDD  R31,Y+6+1
0001c8 9632      	ADIW R30,2
0001c9 83ee      	STD  Y+6,R30
0001ca 83ff      	STD  Y+6+1,R31
                 _0x200005A:
0001cb 85e8      	LDD  R30,Y+8
0001cc 85f9      	LDD  R31,Y+8+1
0001cd 85aa      	LDD  R26,Y+10
0001ce 85bb      	LDD  R27,Y+10+1
0001cf 17ae      	CP   R26,R30
0001d0 07bf      	CPC  R27,R31
0001d1 f050      	BRLO _0x200005C
0001d2 5f2f      	SUBI R18,-LOW(1)
0001d3 85a8      	LDD  R26,Y+8
0001d4 85b9      	LDD  R27,Y+8+1
0001d5 85ea      	LDD  R30,Y+10
0001d6 85fb      	LDD  R31,Y+10+1
0001d7 1bea      	SUB  R30,R26
0001d8 0bfb      	SBC  R31,R27
0001d9 87ea      	STD  Y+10,R30
0001da 87fb      	STD  Y+10+1,R31
0001db cfef      	RJMP _0x200005A
                 _0x200005C:
0001dc 332a      	CPI  R18,58
0001dd f028      	BRLO _0x200005D
0001de ff03      	SBRS R16,3
0001df c002      	RJMP _0x200005E
0001e0 5f29      	SUBI R18,-LOW(7)
0001e1 c001      	RJMP _0x200005F
                 _0x200005E:
0001e2 5d29      	SUBI R18,-LOW(39)
                 _0x200005F:
                 _0x200005D:
0001e3 fd04      	SBRC R16,4
0001e4 c01a      	RJMP _0x2000061
0001e5 3321      	CPI  R18,49
0001e6 f420      	BRSH _0x2000063
0001e7 85a8      	LDD  R26,Y+8
0001e8 85b9      	LDD  R27,Y+8+1
0001e9 9711      	SBIW R26,1
0001ea f409      	BRNE _0x2000062
                 _0x2000063:
0001eb c009      	RJMP _0x20000CD
                 _0x2000062:
0001ec 1753      	CP   R21,R19
0001ed f010      	BRLO _0x2000067
0001ee ff00      	SBRS R16,0
0001ef c001      	RJMP _0x2000068
                 _0x2000067:
0001f0 c013      	RJMP _0x2000066
                 _0x2000068:
0001f1 e220      	LDI  R18,LOW(32)
0001f2 ff07      	SBRS R16,7
0001f3 c00b      	RJMP _0x2000069
0001f4 e320      	LDI  R18,LOW(48)
                 _0x20000CD:
0001f5 6100      	ORI  R16,LOW(16)
0001f6 ff02      	SBRS R16,2
0001f7 c007      	RJMP _0x200006A
0001f8 7f0b      	ANDI R16,LOW(251)
0001f9 934a      	ST   -Y,R20
0001fa 940e 0305 	CALL SUBOPT_0x2
0001fc 3050      	CPI  R21,0
0001fd f009      	BREQ _0x200006B
0001fe 5051      	SUBI R21,LOW(1)
                 _0x200006B:
                 _0x200006A:
                 _0x2000069:
                 _0x2000061:
0001ff 940e 02f8 	CALL SUBOPT_0x0
000201 3050      	CPI  R21,0
000202 f009      	BREQ _0x200006C
000203 5051      	SUBI R21,LOW(1)
                 _0x200006C:
                 _0x2000066:
000204 5031      	SUBI R19,LOW(1)
000205 85a8      	LDD  R26,Y+8
000206 85b9      	LDD  R27,Y+8+1
000207 9712      	SBIW R26,2
000208 f008      	BRLO _0x2000059
000209 cfb5      	RJMP _0x2000058
                 _0x2000059:
                 _0x2000056:
00020a ff00      	SBRS R16,0
00020b c008      	RJMP _0x200006D
                 _0x200006E:
00020c 3050      	CPI  R21,0
00020d f031      	BREQ _0x2000070
00020e 5051      	SUBI R21,LOW(1)
00020f e2e0      	LDI  R30,LOW(32)
000210 93ea      	ST   -Y,R30
000211 940e 0305 	CALL SUBOPT_0x2
000213 cff8      	RJMP _0x200006E
                 _0x2000070:
                 _0x200006D:
                 _0x2000071:
                 _0x2000030:
                 _0x20000CC:
000214 e010      	LDI  R17,LOW(0)
                 _0x200001B:
000215 cee0      	RJMP _0x2000016
                 _0x2000018:
000216 85ac      	LDD  R26,Y+12
000217 85bd      	LDD  R27,Y+12+1
000218 940e 0344 	CALL __GETW1P
00021a 940e 0353 	CALL __LOADLOCR6
00021c 9664      	ADIW R28,20
00021d 9508      	RET
                 ; .FEND
                 _sprintf:
                 ; .FSTART _sprintf
00021e 92ff      	PUSH R15
00021f 2ef8      	MOV  R15,R24
000220 9726      	SBIW R28,6
000221 940e 034e 	CALL __SAVELOCR4
000223 940e 031d 	CALL SUBOPT_0x5
000225 9730      	SBIW R30,0
000226 f419      	BRNE _0x2000072
000227 efef      	LDI  R30,LOW(65535)
000228 efff      	LDI  R31,HIGH(65535)
000229 c023      	RJMP _0x2080002
                 _0x2000072:
00022a 01de      	MOVW R26,R28
00022b 9616      	ADIW R26,6
00022c 940e 033c 	CALL __ADDW2R15
00022e 018d      	MOVW R16,R26
00022f 940e 031d 	CALL SUBOPT_0x5
000231 83ee      	STD  Y+6,R30
000232 83ff      	STD  Y+6+1,R31
000233 e0e0      	LDI  R30,LOW(0)
000234 87e8      	STD  Y+8,R30
000235 87e9      	STD  Y+8+1,R30
000236 01de      	MOVW R26,R28
000237 961a      	ADIW R26,10
000238 940e 033c 	CALL __ADDW2R15
00023a 940e 0344 	CALL __GETW1P
00023c 93fa      	ST   -Y,R31
00023d 93ea      	ST   -Y,R30
00023e 931a      	ST   -Y,R17
00023f 930a      	ST   -Y,R16
000240 eaea      	LDI  R30,LOW(_put_buff_G100)
000241 e0f0      	LDI  R31,HIGH(_put_buff_G100)
000242 93fa      	ST   -Y,R31
000243 93ea      	ST   -Y,R30
000244 01de      	MOVW R26,R28
000245 961a      	ADIW R26,10
000246 dea3      	RCALL __print_G100
000247 019f      	MOVW R18,R30
000248 81ae      	LDD  R26,Y+6
000249 81bf      	LDD  R27,Y+6+1
00024a e0e0      	LDI  R30,LOW(0)
00024b 93ec      	ST   X,R30
00024c 01f9      	MOVW R30,R18
                 _0x2080002:
00024d 940e 0355 	CALL __LOADLOCR4
00024f 962a      	ADIW R28,10
000250 90ff      	POP  R15
000251 9508      	RET
                 ; .FEND
                 	#ifndef __SLEEP_DEFINED__
                 	#endif
                 
                 	.DSEG
                 
                 	.CSEG
                 __lcd_write_nibble_G101:
                 ; .FSTART __lcd_write_nibble_G101
000252 93aa      	ST   -Y,R26
000253 b3e2      	IN   R30,0x12
000254 70ef      	ANDI R30,LOW(0xF)
000255 2fae      	MOV  R26,R30
000256 81e8      	LD   R30,Y
000257 7fe0      	ANDI R30,LOW(0xF0)
000258 2bea      	OR   R30,R26
000259 bbe2      	OUT  0x12,R30
                +
00025a e08d     +LDI R24 , LOW ( 13 )
                +__DELAY_USB_LOOP :
00025b 958a     +DEC R24
00025c f7f1     +BRNE __DELAY_USB_LOOP
                 	__DELAY_USB 13
00025d 9a92      	SBI  0x12,2
                +
00025e e08d     +LDI R24 , LOW ( 13 )
                +__DELAY_USB_LOOP :
00025f 958a     +DEC R24
000260 f7f1     +BRNE __DELAY_USB_LOOP
                 	__DELAY_USB 13
000261 9892      	CBI  0x12,2
                +
000262 e08d     +LDI R24 , LOW ( 13 )
                +__DELAY_USB_LOOP :
000263 958a     +DEC R24
000264 f7f1     +BRNE __DELAY_USB_LOOP
                 	__DELAY_USB 13
000265 c077      	RJMP _0x2080001
                 ; .FEND
                 __lcd_write_data:
                 ; .FSTART __lcd_write_data
000266 93aa      	ST   -Y,R26
000267 81a8      	LD   R26,Y
000268 dfe9      	RCALL __lcd_write_nibble_G101
000269 81e8          ld    r30,y
00026a 95e2          swap  r30
00026b 83e8          st    y,r30
00026c 81a8      	LD   R26,Y
00026d dfe4      	RCALL __lcd_write_nibble_G101
                +
00026e e885     +LDI R24 , LOW ( 133 )
                +__DELAY_USB_LOOP :
00026f 958a     +DEC R24
000270 f7f1     +BRNE __DELAY_USB_LOOP
                 	__DELAY_USB 133
000271 c06b      	RJMP _0x2080001
                 ; .FEND
                 _lcd_gotoxy:
                 ; .FSTART _lcd_gotoxy
000272 93aa      	ST   -Y,R26
000273 81e8      	LD   R30,Y
000274 e0f0      	LDI  R31,0
000275 5ae0      	SUBI R30,LOW(-__base_y_G101)
000276 4ffd      	SBCI R31,HIGH(-__base_y_G101)
000277 81e0      	LD   R30,Z
000278 81a9      	LDD  R26,Y+1
000279 0fae      	ADD  R26,R30
00027a dfeb      	RCALL __lcd_write_data
00027b 8059      	LDD  R5,Y+1
00027c 8048      	LDD  R4,Y+0
00027d 9622      	ADIW R28,2
00027e 9508      	RET
                 ; .FEND
                 _lcd_clear:
                 ; .FSTART _lcd_clear
00027f e0a2      	LDI  R26,LOW(2)
000280 940e 0324 	CALL SUBOPT_0x6
000282 e0ac      	LDI  R26,LOW(12)
000283 dfe2      	RCALL __lcd_write_data
000284 e0a1      	LDI  R26,LOW(1)
000285 940e 0324 	CALL SUBOPT_0x6
000287 e0e0      	LDI  R30,LOW(0)
000288 2e4e      	MOV  R4,R30
000289 2e5e      	MOV  R5,R30
00028a 9508      	RET
                 ; .FEND
                 _lcd_putchar:
                 ; .FSTART _lcd_putchar
00028b 93aa      	ST   -Y,R26
00028c 81a8      	LD   R26,Y
00028d 30aa      	CPI  R26,LOW(0xA)
00028e f011      	BREQ _0x2020005
00028f 1457      	CP   R5,R7
000290 f048      	BRLO _0x2020004
                 _0x2020005:
000291 e0e0      	LDI  R30,LOW(0)
000292 93ea      	ST   -Y,R30
000293 9443      	INC  R4
000294 2da4      	MOV  R26,R4
000295 dfdc      	RCALL _lcd_gotoxy
000296 81a8      	LD   R26,Y
000297 30aa      	CPI  R26,LOW(0xA)
000298 f409      	BRNE _0x2020007
000299 c043      	RJMP _0x2080001
                 _0x2020007:
                 _0x2020004:
00029a 9453      	INC  R5
00029b 9a90      	SBI  0x12,0
00029c 81a8      	LD   R26,Y
00029d dfc8      	RCALL __lcd_write_data
00029e 9890      	CBI  0x12,0
00029f c03d      	RJMP _0x2080001
                 ; .FEND
                 _lcd_puts:
                 ; .FSTART _lcd_puts
0002a0 93ba      	ST   -Y,R27
0002a1 93aa      	ST   -Y,R26
0002a2 931a      	ST   -Y,R17
                 _0x2020008:
0002a3 81a9      	LDD  R26,Y+1
0002a4 81ba      	LDD  R27,Y+1+1
0002a5 91ed      	LD   R30,X+
0002a6 83a9      	STD  Y+1,R26
0002a7 83ba      	STD  Y+1+1,R27
0002a8 2f1e      	MOV  R17,R30
0002a9 30e0      	CPI  R30,0
0002aa f019      	BREQ _0x202000A
0002ab 2fa1      	MOV  R26,R17
0002ac dfde      	RCALL _lcd_putchar
0002ad cff5      	RJMP _0x2020008
                 _0x202000A:
0002ae 8118      	LDD  R17,Y+0
0002af 9623      	ADIW R28,3
0002b0 9508      	RET
                 ; .FEND
                 _lcd_init:
                 ; .FSTART _lcd_init
0002b1 93aa      	ST   -Y,R26
0002b2 b3e1      	IN   R30,0x11
0002b3 6fe0      	ORI  R30,LOW(0xF0)
0002b4 bbe1      	OUT  0x11,R30
0002b5 9a8a      	SBI  0x11,2
0002b6 9a88      	SBI  0x11,0
0002b7 9a89      	SBI  0x11,1
0002b8 9892      	CBI  0x12,2
0002b9 9890      	CBI  0x12,0
0002ba 9891      	CBI  0x12,1
0002bb 8078      	LDD  R7,Y+0
0002bc 81e8      	LD   R30,Y
0002bd 58e0      	SUBI R30,-LOW(128)
                +
0002be 93e0 0262+STS __base_y_G101 + ( 2 ) , R30
                 	__PUTB1MN __base_y_G101,2
0002c0 81e8      	LD   R30,Y
0002c1 54e0      	SUBI R30,-LOW(192)
                +
0002c2 93e0 0263+STS __base_y_G101 + ( 3 ) , R30
                 	__PUTB1MN __base_y_G101,3
0002c4 e1a4      	LDI  R26,LOW(20)
0002c5 e0b0      	LDI  R27,0
0002c6 940e 0332 	CALL _delay_ms
0002c8 940e 032a 	CALL SUBOPT_0x7
0002ca 940e 032a 	CALL SUBOPT_0x7
0002cc 940e 032a 	CALL SUBOPT_0x7
0002ce e2a0      	LDI  R26,LOW(32)
0002cf df82      	RCALL __lcd_write_nibble_G101
                +
0002d0 ec88     +LDI R24 , LOW ( 200 )
0002d1 e090     +LDI R25 , HIGH ( 200 )
                +__DELAY_USW_LOOP :
0002d2 9701     +SBIW R24 , 1
0002d3 f7f1     +BRNE __DELAY_USW_LOOP
                 	__DELAY_USW 200
0002d4 e2a8      	LDI  R26,LOW(40)
0002d5 df90      	RCALL __lcd_write_data
0002d6 e0a4      	LDI  R26,LOW(4)
0002d7 df8e      	RCALL __lcd_write_data
0002d8 e8a5      	LDI  R26,LOW(133)
0002d9 df8c      	RCALL __lcd_write_data
0002da e0a6      	LDI  R26,LOW(6)
0002db df8a      	RCALL __lcd_write_data
0002dc dfa2      	RCALL _lcd_clear
                 _0x2080001:
0002dd 9621      	ADIW R28,1
0002de 9508      	RET
                 ; .FEND
                 
                 	.CSEG
                 
                 	.CSEG
                 _strlen:
                 ; .FSTART _strlen
0002df 93ba      	ST   -Y,R27
0002e0 93aa      	ST   -Y,R26
0002e1 91a9          ld   r26,y+
0002e2 91b9          ld   r27,y+
0002e3 27ee          clr  r30
0002e4 27ff          clr  r31
                 strlen0:
0002e5 916d          ld   r22,x+
0002e6 2366          tst  r22
0002e7 f011          breq strlen1
0002e8 9631          adiw r30,1
0002e9 cffb          rjmp strlen0
                 strlen1:
0002ea 9508          ret
                 ; .FEND
                 _strlenf:
                 ; .FSTART _strlenf
0002eb 93ba      	ST   -Y,R27
0002ec 93aa      	ST   -Y,R26
0002ed 27aa          clr  r26
0002ee 27bb          clr  r27
0002ef 91e9          ld   r30,y+
0002f0 91f9          ld   r31,y+
                 strlenf0:
0002f1 9005      	lpm  r0,z+
0002f2 2000          tst  r0
0002f3 f011          breq strlenf1
0002f4 9611          adiw r26,1
0002f5 cffb          rjmp strlenf0
                 strlenf1:
0002f6 01fd          movw r30,r26
0002f7 9508          ret
                 ; .FEND
                 
                 	.DSEG
                 __base_y_G101:
000260           	.BYTE 0x4
                 
                 	.CSEG
                 ;OPTIMIZER ADDED SUBROUTINE, CALLED 5 TIMES, CODE SIZE REDUCTION:13 WORDS
                 SUBOPT_0x0:
0002f8 932a      	ST   -Y,R18
0002f9 85ad      	LDD  R26,Y+13
0002fa 85be      	LDD  R27,Y+13+1
0002fb 85ef      	LDD  R30,Y+15
0002fc 89f8      	LDD  R31,Y+15+1
0002fd 9509      	ICALL
0002fe 9508      	RET
                 
                 ;OPTIMIZER ADDED SUBROUTINE, CALLED 5 TIMES, CODE SIZE REDUCTION:9 WORDS
                 SUBOPT_0x1:
0002ff 89e8      	LDD  R30,Y+16
000300 89f9      	LDD  R31,Y+16+1
000301 9734      	SBIW R30,4
000302 8be8      	STD  Y+16,R30
000303 8bf9      	STD  Y+16+1,R31
000304 9508      	RET
                 
                 ;OPTIMIZER ADDED SUBROUTINE, CALLED 3 TIMES, CODE SIZE REDUCTION:3 WORDS
                 SUBOPT_0x2:
000305 85ad      	LDD  R26,Y+13
000306 85be      	LDD  R27,Y+13+1
000307 85ef      	LDD  R30,Y+15
000308 89f8      	LDD  R31,Y+15+1
000309 9509      	ICALL
00030a 9508      	RET
                 
                 ;OPTIMIZER ADDED SUBROUTINE, CALLED 2 TIMES, CODE SIZE REDUCTION:4 WORDS
                 SUBOPT_0x3:
00030b 89a8      	LDD  R26,Y+16
00030c 89b9      	LDD  R27,Y+16+1
00030d 9614      	ADIW R26,4
00030e 940e 0344 	CALL __GETW1P
000310 83ee      	STD  Y+6,R30
000311 83ff      	STD  Y+6+1,R31
000312 81ae      	LDD  R26,Y+6
000313 81bf      	LDD  R27,Y+6+1
000314 9508      	RET
                 
                 ;OPTIMIZER ADDED SUBROUTINE, CALLED 2 TIMES, CODE SIZE REDUCTION:2 WORDS
                 SUBOPT_0x4:
000315 89a8      	LDD  R26,Y+16
000316 89b9      	LDD  R27,Y+16+1
000317 9614      	ADIW R26,4
000318 940e 0344 	CALL __GETW1P
00031a 87ea      	STD  Y+10,R30
00031b 87fb      	STD  Y+10+1,R31
00031c 9508      	RET
                 
                 ;OPTIMIZER ADDED SUBROUTINE, CALLED 2 TIMES, CODE SIZE REDUCTION:1 WORDS
                 SUBOPT_0x5:
00031d 01de      	MOVW R26,R28
00031e 961c      	ADIW R26,12
00031f 940e 033c 	CALL __ADDW2R15
000321 940e 0344 	CALL __GETW1P
000323 9508      	RET
                 
                 ;OPTIMIZER ADDED SUBROUTINE, CALLED 2 TIMES, CODE SIZE REDUCTION:1 WORDS
                 SUBOPT_0x6:
000324 940e 0266 	CALL __lcd_write_data
000326 e0a3      	LDI  R26,LOW(3)
000327 e0b0      	LDI  R27,0
000328 940c 0332 	JMP  _delay_ms
                 
                 ;OPTIMIZER ADDED SUBROUTINE, CALLED 3 TIMES, CODE SIZE REDUCTION:7 WORDS
                 SUBOPT_0x7:
00032a e3a0      	LDI  R26,LOW(48)
00032b 940e 0252 	CALL __lcd_write_nibble_G101
                +
00032d ec88     +LDI R24 , LOW ( 200 )
00032e e090     +LDI R25 , HIGH ( 200 )
                +__DELAY_USW_LOOP :
00032f 9701     +SBIW R24 , 1
000330 f7f1     +BRNE __DELAY_USW_LOOP
                 	__DELAY_USW 200
000331 9508      	RET
                 
                 
                 	.CSEG
                 _delay_ms:
000332 9610      	adiw r26,0
000333 f039      	breq __delay_ms1
                 __delay_ms0:
                +
000334 ed80     +LDI R24 , LOW ( 0x7D0 )
000335 e097     +LDI R25 , HIGH ( 0x7D0 )
                +__DELAY_USW_LOOP :
000336 9701     +SBIW R24 , 1
000337 f7f1     +BRNE __DELAY_USW_LOOP
                 	__DELAY_USW 0x7D0
000338 95a8      	wdr
000339 9711      	sbiw r26,1
00033a f7c9      	brne __delay_ms0
                 __delay_ms1:
00033b 9508      	ret
                 
                 __ADDW2R15:
00033c 2400      	CLR  R0
00033d 0daf      	ADD  R26,R15
00033e 1db0      	ADC  R27,R0
00033f 9508      	RET
                 
                 __ANEGW1:
000340 95f1      	NEG  R31
000341 95e1      	NEG  R30
000342 40f0      	SBCI R31,0
000343 9508      	RET
                 
                 __GETW1P:
000344 91ed      	LD   R30,X+
000345 91fc      	LD   R31,X
000346 9711      	SBIW R26,1
000347 9508      	RET
                 
                 __GETW1PF:
000348 9005      	LPM  R0,Z+
000349 91f4      	LPM  R31,Z
00034a 2de0      	MOV  R30,R0
00034b 9508      	RET
                 
                 __SAVELOCR6:
00034c 935a      	ST   -Y,R21
                 __SAVELOCR5:
00034d 934a      	ST   -Y,R20
                 __SAVELOCR4:
00034e 933a      	ST   -Y,R19
                 __SAVELOCR3:
00034f 932a      	ST   -Y,R18
                 __SAVELOCR2:
000350 931a      	ST   -Y,R17
000351 930a      	ST   -Y,R16
000352 9508      	RET
                 
                 __LOADLOCR6:
000353 815d      	LDD  R21,Y+5
                 __LOADLOCR5:
000354 814c      	LDD  R20,Y+4
                 __LOADLOCR4:
000355 813b      	LDD  R19,Y+3
                 __LOADLOCR3:
000356 812a      	LDD  R18,Y+2
                 __LOADLOCR2:
000357 8119      	LDD  R17,Y+1
000358 8108      	LD   R16,Y
000359 9508      	RET
                 
                 ;END OF CODE MARKER
                 __END_OF_CODE:


RESOURCE USE INFORMATION
------------------------

Notice:
The register and instruction counts are symbol table hit counts,
and hence implicitly used resources are not counted, eg, the
'lpm' instruction without operands implicitly uses r0 and z,
none of which are counted.

x,y,z are separate entities in the symbol table and are
counted separately from r26..r31 here.

.dseg memory usage only counts static data declared with .byte

ATmega32 register use summary:
r0 :  11 r1 :   1 r2 :   0 r3 :   0 r4 :   4 r5 :   4 r6 :   0 r7 :   2 
r8 :   0 r9 :   0 r10:   0 r11:   0 r12:   0 r13:   0 r14:   0 r15:   4 
r16:  34 r17:  24 r18:  29 r19:   8 r20:   9 r21:  17 r22:   4 r23:   0 
r24:  23 r25:   5 r26:  97 r27:  36 r28:  17 r29:   1 r30: 182 r31:  55 
x  :  23 y  : 162 z  :  15 
Registers used: 24 out of 35 (68.6%)

ATmega32 instruction use summary:
.lds  :   0 .lds.l:   0 .sts  :   0 .sts.l:   0 adc   :   1 add   :   3 
adiw  :  24 and   :   0 andi  :   6 asr   :   0 bclr  :   0 bld   :   0 
brbc  :   0 brbs  :   0 brcc  :   0 brcs  :   0 break :   0 breq  :  17 
brge  :   0 brhc  :   0 brhs  :   0 brid  :   0 brie  :   0 brlo  :   8 
brlt  :   0 brmi  :   1 brne  :  30 brpl  :   1 brsh  :   2 brtc  :   0 
brts  :   0 brvc  :   0 brvs  :   0 bset  :   0 bst   :   0 call  :  50 
cbi   :   5 cbr   :   0 clc   :   0 clh   :   0 cli   :   1 cln   :   0 
clr   :   7 cls   :   0 clt   :   0 clv   :   0 clz   :   0 com   :   0 
cp    :   4 cpc   :   2 cpi   :  33 cpse  :   0 dec   :   5 des   :   0 
eor   :   0 fmul  :   0 fmuls :   0 fmulsu:   0 icall :   2 ijmp  :   0 
in    :   2 inc   :   2 jmp   :  23 ld    :  25 ldd   :  77 ldi   :  84 
lds   :   0 lpm   :  14 lsl   :   0 lsr   :   0 mov   :  17 movw  :  16 
mul   :   1 muls  :   0 mulsu :   0 neg   :   2 nop   :   0 or    :   1 
ori   :   7 out   :  42 pop   :   1 push  :   1 rcall :  14 ret   :  23 
reti  :   0 rjmp  :  59 rol   :   0 ror   :   0 sbc   :   1 sbci  :   2 
sbi   :   5 sbic  :   0 sbis  :   0 sbiw  :  20 sbr   :   0 sbrc  :   2 
sbrs  :  10 sec   :   0 seh   :   0 sei   :   0 sen   :   0 ser   :   0 
ses   :   0 set   :   0 sev   :   0 sez   :   0 sleep :   0 spm   :   0 
st    :  55 std   :  31 sts   :   2 sub   :   1 subi  :  16 swap  :   1 
tst   :   4 wdr   :   1 
Instructions used: 52 out of 116 (44.8%)

ATmega32 memory use summary [bytes]:
Segment   Begin    End      Code   Data   Used    Size   Use%
---------------------------------------------------------------
[.cseg] 0x000000 0x0006b4   1674     42   1716   32768   5.2%
[.dseg] 0x000060 0x000264      0      4      4    2048   0.2%
[.eseg] 0x000000 0x000000      0      0      0    1024   0.0%

Assembly complete, 0 errors, 4 warnings
